
**** Build of configuration Debug for project blinky ****

"c:\\ti\\ccsv6\\utils\\bin\\gmake" -k all 
'Building file: ../blinky.c'
'Invoking: ARM Compiler'
"c:/ti/ccsv6/tools/compiler/arm_5.1.9/bin/armcl" -mv7M4 --code_state=16 --float_support=FPv4SPD16 --abi=eabi -me -O2 -g --include_path="c:/ti/ccsv6/tools/compiler/arm_5.1.9/include" --include_path="C:/ti/TivaWareC" --gcc --define=ccs="ccs" --define=PART_TM4C1294NCPDT --diag_warning=225 --display_error_number --diag_wrap=off --gen_func_subsections=on --ual --preproc_with_compile --preproc_dependency="blinky.pp"  "../blinky.c"
'Finished building: ../blinky.c'
' '
'Building file: ../startup_ccs.c'
'Invoking: ARM Compiler'
"c:/ti/ccsv6/tools/compiler/arm_5.1.9/bin/armcl" -mv7M4 --code_state=16 --float_support=FPv4SPD16 --abi=eabi -me -O2 -g --include_path="c:/ti/ccsv6/tools/compiler/arm_5.1.9/include" --include_path="C:/ti/TivaWareC" --gcc --define=ccs="ccs" --define=PART_TM4C1294NCPDT --diag_warning=225 --display_error_number --diag_wrap=off --gen_func_subsections=on --ual --preproc_with_compile --preproc_dependency="startup_ccs.pp"  "../startup_ccs.c"
'Finished building: ../startup_ccs.c'
' '
'Building target: blinky.out'
'Invoking: ARM Linker'
"c:/ti/ccsv6/tools/compiler/arm_5.1.9/bin/armcl" -mv7M4 --code_state=16 --float_support=FPv4SPD16 --abi=eabi -me -O2 -g --gcc --define=ccs="ccs" --define=PART_TM4C1294NCPDT --diag_warning=225 --display_error_number --diag_wrap=off --gen_func_subsections=on --ual -z --stack_size=256 -m"blinky_ccs.map" --heap_size=0 -i"c:/ti/ccsv6/tools/compiler/arm_5.1.9/lib" -i"c:/ti/ccsv6/tools/compiler/arm_5.1.9/include" --reread_libs --warn_sections --display_error_number --diag_wrap=off --xml_link_info="blinky_linkInfo.xml" --rom_model -o "blinky.out"  "./blinky.obj" "./startup_ccs.obj" "../blinky_ccs.cmd" -l"libc.a" 
<Linking>
'Finished building target: blinky.out'
' '
"c:/ti/ccsv6/utils/tiobj2bin/tiobj2bin" "blinky.out" "blinky.bin" "c:/ti/ccsv6/tools/compiler/arm_5.1.9/bin/armofd" "c:/ti/ccsv6/tools/compiler/arm_5.1.9/bin/armhex" "c:/ti/ccsv6/utils/tiobj2bin/mkhex4bin"
' '

**** Build Finished ****
