
**** Clean-only build of configuration Debug for project senshub_iot ****

"c:\\ti\\ccsv6\\utils\\bin\\gmake" -k clean 
gmake: *** No rule to make target `clean'.

**** Build Finished ****

**** Build of configuration Debug for project senshub_iot ****

"c:\\ti\\ccsv6\\utils\\bin\\gmake" -k all 
'Building file: ../bmp180_task.c'
'Invoking: ARM Compiler'
"c:/ti/ccsv6/tools/compiler/arm_5.1.9/bin/armcl" -mv7M4 --code_state=16 --float_support=FPv4SPD16 --abi=eabi -me -O2 -g --include_path="c:/ti/ccsv6/tools/compiler/arm_5.1.9/include" --include_path="E:/DomoSync/workspace/senshub_iot" --include_path="C:/ti/TivaWareC/examples/boards/ek-tm4c1294xl-boostxl-senshub" --include_path="C:/ti/TivaWareC" --include_path="C:/ti/TivaWareC/third_party" --include_path="C:/ti/TivaWareC/third_party/exosite" --include_path="C:/ti/TivaWareC/third_party/FreeRTOS/Source/include" --include_path="C:/ti/TivaWareC/third_party/FreeRTOS" --include_path="C:/ti/TivaWareC/third_party/lwip-1.4.1/src/include" --include_path="C:/ti/TivaWareC/third_party/lwip-1.4.1/src/include/ipv4" --include_path="C:/ti/TivaWareC/third_party/lwip-1.4.1/apps" --include_path="C:/ti/TivaWareC/third_party/lwip-1.4.1/ports/tiva-tm4c129/include" --include_path="C:/ti/TivaWareC/third_party/FreeRTOS/Source/portable/CCS/ARM_CM4F" --gcc --define=ccs="ccs" --define=PART_TM4C1294NCPDT --define=TARGET_IS_TM4C129_RA0 --define=UART_BUFFERED --diag_warning=225 --display_error_number --diag_wrap=off --gen_func_subsections=on --ual --preproc_with_compile --preproc_dependency="bmp180_task.pp"  "../bmp180_task.c"
'Finished building: ../bmp180_task.c'
' '
'Building file: ../cloud_task.c'
'Invoking: ARM Compiler'
"c:/ti/ccsv6/tools/compiler/arm_5.1.9/bin/armcl" -mv7M4 --code_state=16 --float_support=FPv4SPD16 --abi=eabi -me -O2 -g --include_path="c:/ti/ccsv6/tools/compiler/arm_5.1.9/include" --include_path="E:/DomoSync/workspace/senshub_iot" --include_path="C:/ti/TivaWareC/examples/boards/ek-tm4c1294xl-boostxl-senshub" --include_path="C:/ti/TivaWareC" --include_path="C:/ti/TivaWareC/third_party" --include_path="C:/ti/TivaWareC/third_party/exosite" --include_path="C:/ti/TivaWareC/third_party/FreeRTOS/Source/include" --include_path="C:/ti/TivaWareC/third_party/FreeRTOS" --include_path="C:/ti/TivaWareC/third_party/lwip-1.4.1/src/include" --include_path="C:/ti/TivaWareC/third_party/lwip-1.4.1/src/include/ipv4" --include_path="C:/ti/TivaWareC/third_party/lwip-1.4.1/apps" --include_path="C:/ti/TivaWareC/third_party/lwip-1.4.1/ports/tiva-tm4c129/include" --include_path="C:/ti/TivaWareC/third_party/FreeRTOS/Source/portable/CCS/ARM_CM4F" --gcc --define=ccs="ccs" --define=PART_TM4C1294NCPDT --define=TARGET_IS_TM4C129_RA0 --define=UART_BUFFERED --diag_warning=225 --display_error_number --diag_wrap=off --gen_func_subsections=on --ual --preproc_with_compile --preproc_dependency="cloud_task.pp"  "../cloud_task.c"
'Finished building: ../cloud_task.c'
' '
'Building file: ../command_task.c'
'Invoking: ARM Compiler'
"c:/ti/ccsv6/tools/compiler/arm_5.1.9/bin/armcl" -mv7M4 --code_state=16 --float_support=FPv4SPD16 --abi=eabi -me -O2 -g --include_path="c:/ti/ccsv6/tools/compiler/arm_5.1.9/include" --include_path="E:/DomoSync/workspace/senshub_iot" --include_path="C:/ti/TivaWareC/examples/boards/ek-tm4c1294xl-boostxl-senshub" --include_path="C:/ti/TivaWareC" --include_path="C:/ti/TivaWareC/third_party" --include_path="C:/ti/TivaWareC/third_party/exosite" --include_path="C:/ti/TivaWareC/third_party/FreeRTOS/Source/include" --include_path="C:/ti/TivaWareC/third_party/FreeRTOS" --include_path="C:/ti/TivaWareC/third_party/lwip-1.4.1/src/include" --include_path="C:/ti/TivaWareC/third_party/lwip-1.4.1/src/include/ipv4" --include_path="C:/ti/TivaWareC/third_party/lwip-1.4.1/apps" --include_path="C:/ti/TivaWareC/third_party/lwip-1.4.1/ports/tiva-tm4c129/include" --include_path="C:/ti/TivaWareC/third_party/FreeRTOS/Source/portable/CCS/ARM_CM4F" --gcc --define=ccs="ccs" --define=PART_TM4C1294NCPDT --define=TARGET_IS_TM4C129_RA0 --define=UART_BUFFERED --diag_warning=225 --display_error_number --diag_wrap=off --gen_func_subsections=on --ual --preproc_with_compile --preproc_dependency="command_task.pp"  "../command_task.c"
'Finished building: ../command_task.c'
' '
'Building file: ../compdcm_task.c'
'Invoking: ARM Compiler'
"c:/ti/ccsv6/tools/compiler/arm_5.1.9/bin/armcl" -mv7M4 --code_state=16 --float_support=FPv4SPD16 --abi=eabi -me -O2 -g --include_path="c:/ti/ccsv6/tools/compiler/arm_5.1.9/include" --include_path="E:/DomoSync/workspace/senshub_iot" --include_path="C:/ti/TivaWareC/examples/boards/ek-tm4c1294xl-boostxl-senshub" --include_path="C:/ti/TivaWareC" --include_path="C:/ti/TivaWareC/third_party" --include_path="C:/ti/TivaWareC/third_party/exosite" --include_path="C:/ti/TivaWareC/third_party/FreeRTOS/Source/include" --include_path="C:/ti/TivaWareC/third_party/FreeRTOS" --include_path="C:/ti/TivaWareC/third_party/lwip-1.4.1/src/include" --include_path="C:/ti/TivaWareC/third_party/lwip-1.4.1/src/include/ipv4" --include_path="C:/ti/TivaWareC/third_party/lwip-1.4.1/apps" --include_path="C:/ti/TivaWareC/third_party/lwip-1.4.1/ports/tiva-tm4c129/include" --include_path="C:/ti/TivaWareC/third_party/FreeRTOS/Source/portable/CCS/ARM_CM4F" --gcc --define=ccs="ccs" --define=PART_TM4C1294NCPDT --define=TARGET_IS_TM4C129_RA0 --define=UART_BUFFERED --diag_warning=225 --display_error_number --diag_wrap=off --gen_func_subsections=on --ual --preproc_with_compile --preproc_dependency="compdcm_task.pp"  "../compdcm_task.c"
'Finished building: ../compdcm_task.c'
' '
'Building file: ../isl29023_task.c'
'Invoking: ARM Compiler'
"c:/ti/ccsv6/tools/compiler/arm_5.1.9/bin/armcl" -mv7M4 --code_state=16 --float_support=FPv4SPD16 --abi=eabi -me -O2 -g --include_path="c:/ti/ccsv6/tools/compiler/arm_5.1.9/include" --include_path="E:/DomoSync/workspace/senshub_iot" --include_path="C:/ti/TivaWareC/examples/boards/ek-tm4c1294xl-boostxl-senshub" --include_path="C:/ti/TivaWareC" --include_path="C:/ti/TivaWareC/third_party" --include_path="C:/ti/TivaWareC/third_party/exosite" --include_path="C:/ti/TivaWareC/third_party/FreeRTOS/Source/include" --include_path="C:/ti/TivaWareC/third_party/FreeRTOS" --include_path="C:/ti/TivaWareC/third_party/lwip-1.4.1/src/include" --include_path="C:/ti/TivaWareC/third_party/lwip-1.4.1/src/include/ipv4" --include_path="C:/ti/TivaWareC/third_party/lwip-1.4.1/apps" --include_path="C:/ti/TivaWareC/third_party/lwip-1.4.1/ports/tiva-tm4c129/include" --include_path="C:/ti/TivaWareC/third_party/FreeRTOS/Source/portable/CCS/ARM_CM4F" --gcc --define=ccs="ccs" --define=PART_TM4C1294NCPDT --define=TARGET_IS_TM4C129_RA0 --define=UART_BUFFERED --diag_warning=225 --display_error_number --diag_wrap=off --gen_func_subsections=on --ual --preproc_with_compile --preproc_dependency="isl29023_task.pp"  "../isl29023_task.c"
'Finished building: ../isl29023_task.c'
' '
'Building file: ../senshub_iot.c'
'Invoking: ARM Compiler'
"c:/ti/ccsv6/tools/compiler/arm_5.1.9/bin/armcl" -mv7M4 --code_state=16 --float_support=FPv4SPD16 --abi=eabi -me -O2 -g --include_path="c:/ti/ccsv6/tools/compiler/arm_5.1.9/include" --include_path="E:/DomoSync/workspace/senshub_iot" --include_path="C:/ti/TivaWareC/examples/boards/ek-tm4c1294xl-boostxl-senshub" --include_path="C:/ti/TivaWareC" --include_path="C:/ti/TivaWareC/third_party" --include_path="C:/ti/TivaWareC/third_party/exosite" --include_path="C:/ti/TivaWareC/third_party/FreeRTOS/Source/include" --include_path="C:/ti/TivaWareC/third_party/FreeRTOS" --include_path="C:/ti/TivaWareC/third_party/lwip-1.4.1/src/include" --include_path="C:/ti/TivaWareC/third_party/lwip-1.4.1/src/include/ipv4" --include_path="C:/ti/TivaWareC/third_party/lwip-1.4.1/apps" --include_path="C:/ti/TivaWareC/third_party/lwip-1.4.1/ports/tiva-tm4c129/include" --include_path="C:/ti/TivaWareC/third_party/FreeRTOS/Source/portable/CCS/ARM_CM4F" --gcc --define=ccs="ccs" --define=PART_TM4C1294NCPDT --define=TARGET_IS_TM4C129_RA0 --define=UART_BUFFERED --diag_warning=225 --display_error_number --diag_wrap=off --gen_func_subsections=on --ual --preproc_with_compile --preproc_dependency="senshub_iot.pp"  "../senshub_iot.c"
'Finished building: ../senshub_iot.c'
' '
'Building file: ../sht21_task.c'
'Invoking: ARM Compiler'
"c:/ti/ccsv6/tools/compiler/arm_5.1.9/bin/armcl" -mv7M4 --code_state=16 --float_support=FPv4SPD16 --abi=eabi -me -O2 -g --include_path="c:/ti/ccsv6/tools/compiler/arm_5.1.9/include" --include_path="E:/DomoSync/workspace/senshub_iot" --include_path="C:/ti/TivaWareC/examples/boards/ek-tm4c1294xl-boostxl-senshub" --include_path="C:/ti/TivaWareC" --include_path="C:/ti/TivaWareC/third_party" --include_path="C:/ti/TivaWareC/third_party/exosite" --include_path="C:/ti/TivaWareC/third_party/FreeRTOS/Source/include" --include_path="C:/ti/TivaWareC/third_party/FreeRTOS" --include_path="C:/ti/TivaWareC/third_party/lwip-1.4.1/src/include" --include_path="C:/ti/TivaWareC/third_party/lwip-1.4.1/src/include/ipv4" --include_path="C:/ti/TivaWareC/third_party/lwip-1.4.1/apps" --include_path="C:/ti/TivaWareC/third_party/lwip-1.4.1/ports/tiva-tm4c129/include" --include_path="C:/ti/TivaWareC/third_party/FreeRTOS/Source/portable/CCS/ARM_CM4F" --gcc --define=ccs="ccs" --define=PART_TM4C1294NCPDT --define=TARGET_IS_TM4C129_RA0 --define=UART_BUFFERED --diag_warning=225 --display_error_number --diag_wrap=off --gen_func_subsections=on --ual --preproc_with_compile --preproc_dependency="sht21_task.pp"  "../sht21_task.c"
'Finished building: ../sht21_task.c'
' '
'Building file: ../startup_ccs.c'
'Invoking: ARM Compiler'
"c:/ti/ccsv6/tools/compiler/arm_5.1.9/bin/armcl" -mv7M4 --code_state=16 --float_support=FPv4SPD16 --abi=eabi -me -O2 -g --include_path="c:/ti/ccsv6/tools/compiler/arm_5.1.9/include" --include_path="E:/DomoSync/workspace/senshub_iot" --include_path="C:/ti/TivaWareC/examples/boards/ek-tm4c1294xl-boostxl-senshub" --include_path="C:/ti/TivaWareC" --include_path="C:/ti/TivaWareC/third_party" --include_path="C:/ti/TivaWareC/third_party/exosite" --include_path="C:/ti/TivaWareC/third_party/FreeRTOS/Source/include" --include_path="C:/ti/TivaWareC/third_party/FreeRTOS" --include_path="C:/ti/TivaWareC/third_party/lwip-1.4.1/src/include" --include_path="C:/ti/TivaWareC/third_party/lwip-1.4.1/src/include/ipv4" --include_path="C:/ti/TivaWareC/third_party/lwip-1.4.1/apps" --include_path="C:/ti/TivaWareC/third_party/lwip-1.4.1/ports/tiva-tm4c129/include" --include_path="C:/ti/TivaWareC/third_party/FreeRTOS/Source/portable/CCS/ARM_CM4F" --gcc --define=ccs="ccs" --define=PART_TM4C1294NCPDT --define=TARGET_IS_TM4C129_RA0 --define=UART_BUFFERED --diag_warning=225 --display_error_number --diag_wrap=off --gen_func_subsections=on --ual --preproc_with_compile --preproc_dependency="startup_ccs.pp"  "../startup_ccs.c"
'Finished building: ../startup_ccs.c'
' '
'Building file: ../tmp006_task.c'
'Invoking: ARM Compiler'
"c:/ti/ccsv6/tools/compiler/arm_5.1.9/bin/armcl" -mv7M4 --code_state=16 --float_support=FPv4SPD16 --abi=eabi -me -O2 -g --include_path="c:/ti/ccsv6/tools/compiler/arm_5.1.9/include" --include_path="E:/DomoSync/workspace/senshub_iot" --include_path="C:/ti/TivaWareC/examples/boards/ek-tm4c1294xl-boostxl-senshub" --include_path="C:/ti/TivaWareC" --include_path="C:/ti/TivaWareC/third_party" --include_path="C:/ti/TivaWareC/third_party/exosite" --include_path="C:/ti/TivaWareC/third_party/FreeRTOS/Source/include" --include_path="C:/ti/TivaWareC/third_party/FreeRTOS" --include_path="C:/ti/TivaWareC/third_party/lwip-1.4.1/src/include" --include_path="C:/ti/TivaWareC/third_party/lwip-1.4.1/src/include/ipv4" --include_path="C:/ti/TivaWareC/third_party/lwip-1.4.1/apps" --include_path="C:/ti/TivaWareC/third_party/lwip-1.4.1/ports/tiva-tm4c129/include" --include_path="C:/ti/TivaWareC/third_party/FreeRTOS/Source/portable/CCS/ARM_CM4F" --gcc --define=ccs="ccs" --define=PART_TM4C1294NCPDT --define=TARGET_IS_TM4C129_RA0 --define=UART_BUFFERED --diag_warning=225 --display_error_number --diag_wrap=off --gen_func_subsections=on --ual --preproc_with_compile --preproc_dependency="tmp006_task.pp"  "../tmp006_task.c"
'Finished building: ../tmp006_task.c'
' '
'Building file: C:/ti/TivaWareC/utils/cmdline.c'
'Invoking: ARM Compiler'
"c:/ti/ccsv6/tools/compiler/arm_5.1.9/bin/armcl" -mv7M4 --code_state=16 --float_support=FPv4SPD16 --abi=eabi -me -O2 -g --include_path="c:/ti/ccsv6/tools/compiler/arm_5.1.9/include" --include_path="E:/DomoSync/workspace/senshub_iot" --include_path="C:/ti/TivaWareC/examples/boards/ek-tm4c1294xl-boostxl-senshub" --include_path="C:/ti/TivaWareC" --include_path="C:/ti/TivaWareC/third_party" --include_path="C:/ti/TivaWareC/third_party/exosite" --include_path="C:/ti/TivaWareC/third_party/FreeRTOS/Source/include" --include_path="C:/ti/TivaWareC/third_party/FreeRTOS" --include_path="C:/ti/TivaWareC/third_party/lwip-1.4.1/src/include" --include_path="C:/ti/TivaWareC/third_party/lwip-1.4.1/src/include/ipv4" --include_path="C:/ti/TivaWareC/third_party/lwip-1.4.1/apps" --include_path="C:/ti/TivaWareC/third_party/lwip-1.4.1/ports/tiva-tm4c129/include" --include_path="C:/ti/TivaWareC/third_party/FreeRTOS/Source/portable/CCS/ARM_CM4F" --gcc --define=ccs="ccs" --define=PART_TM4C1294NCPDT --define=TARGET_IS_TM4C129_RA0 --define=UART_BUFFERED --diag_warning=225 --display_error_number --diag_wrap=off --gen_func_subsections=on --ual --preproc_with_compile --preproc_dependency="utils/cmdline.pp" --obj_directory="utils"  "C:/ti/TivaWareC/utils/cmdline.c"
'Finished building: C:/ti/TivaWareC/utils/cmdline.c'
' '
'Building file: C:/ti/TivaWareC/utils/flash_pb.c'
'Invoking: ARM Compiler'
"c:/ti/ccsv6/tools/compiler/arm_5.1.9/bin/armcl" -mv7M4 --code_state=16 --float_support=FPv4SPD16 --abi=eabi -me -O2 -g --include_path="c:/ti/ccsv6/tools/compiler/arm_5.1.9/include" --include_path="E:/DomoSync/workspace/senshub_iot" --include_path="C:/ti/TivaWareC/examples/boards/ek-tm4c1294xl-boostxl-senshub" --include_path="C:/ti/TivaWareC" --include_path="C:/ti/TivaWareC/third_party" --include_path="C:/ti/TivaWareC/third_party/exosite" --include_path="C:/ti/TivaWareC/third_party/FreeRTOS/Source/include" --include_path="C:/ti/TivaWareC/third_party/FreeRTOS" --include_path="C:/ti/TivaWareC/third_party/lwip-1.4.1/src/include" --include_path="C:/ti/TivaWareC/third_party/lwip-1.4.1/src/include/ipv4" --include_path="C:/ti/TivaWareC/third_party/lwip-1.4.1/apps" --include_path="C:/ti/TivaWareC/third_party/lwip-1.4.1/ports/tiva-tm4c129/include" --include_path="C:/ti/TivaWareC/third_party/FreeRTOS/Source/portable/CCS/ARM_CM4F" --gcc --define=ccs="ccs" --define=PART_TM4C1294NCPDT --define=TARGET_IS_TM4C129_RA0 --define=UART_BUFFERED --diag_warning=225 --display_error_number --diag_wrap=off --gen_func_subsections=on --ual --preproc_with_compile --preproc_dependency="utils/flash_pb.pp" --obj_directory="utils"  "C:/ti/TivaWareC/utils/flash_pb.c"
'Finished building: C:/ti/TivaWareC/utils/flash_pb.c'
' '
'Building file: C:/ti/TivaWareC/utils/locator.c'
'Invoking: ARM Compiler'
"c:/ti/ccsv6/tools/compiler/arm_5.1.9/bin/armcl" -mv7M4 --code_state=16 --float_support=FPv4SPD16 --abi=eabi -me -O2 -g --include_path="c:/ti/ccsv6/tools/compiler/arm_5.1.9/include" --include_path="E:/DomoSync/workspace/senshub_iot" --include_path="C:/ti/TivaWareC/examples/boards/ek-tm4c1294xl-boostxl-senshub" --include_path="C:/ti/TivaWareC" --include_path="C:/ti/TivaWareC/third_party" --include_path="C:/ti/TivaWareC/third_party/exosite" --include_path="C:/ti/TivaWareC/third_party/FreeRTOS/Source/include" --include_path="C:/ti/TivaWareC/third_party/FreeRTOS" --include_path="C:/ti/TivaWareC/third_party/lwip-1.4.1/src/include" --include_path="C:/ti/TivaWareC/third_party/lwip-1.4.1/src/include/ipv4" --include_path="C:/ti/TivaWareC/third_party/lwip-1.4.1/apps" --include_path="C:/ti/TivaWareC/third_party/lwip-1.4.1/ports/tiva-tm4c129/include" --include_path="C:/ti/TivaWareC/third_party/FreeRTOS/Source/portable/CCS/ARM_CM4F" --gcc --define=ccs="ccs" --define=PART_TM4C1294NCPDT --define=TARGET_IS_TM4C129_RA0 --define=UART_BUFFERED --diag_warning=225 --display_error_number --diag_wrap=off --gen_func_subsections=on --ual --preproc_with_compile --preproc_dependency="utils/locator.pp" --obj_directory="utils"  "C:/ti/TivaWareC/utils/locator.c"
'Finished building: C:/ti/TivaWareC/utils/locator.c'
' '
'Building file: C:/ti/TivaWareC/utils/lwiplib.c'
'Invoking: ARM Compiler'
"c:/ti/ccsv6/tools/compiler/arm_5.1.9/bin/armcl" -mv7M4 --code_state=16 --float_support=FPv4SPD16 --abi=eabi -me -O2 -g --include_path="c:/ti/ccsv6/tools/compiler/arm_5.1.9/include" --include_path="E:/DomoSync/workspace/senshub_iot" --include_path="C:/ti/TivaWareC/examples/boards/ek-tm4c1294xl-boostxl-senshub" --include_path="C:/ti/TivaWareC" --include_path="C:/ti/TivaWareC/third_party" --include_path="C:/ti/TivaWareC/third_party/exosite" --include_path="C:/ti/TivaWareC/third_party/FreeRTOS/Source/include" --include_path="C:/ti/TivaWareC/third_party/FreeRTOS" --include_path="C:/ti/TivaWareC/third_party/lwip-1.4.1/src/include" --include_path="C:/ti/TivaWareC/third_party/lwip-1.4.1/src/include/ipv4" --include_path="C:/ti/TivaWareC/third_party/lwip-1.4.1/apps" --include_path="C:/ti/TivaWareC/third_party/lwip-1.4.1/ports/tiva-tm4c129/include" --include_path="C:/ti/TivaWareC/third_party/FreeRTOS/Source/portable/CCS/ARM_CM4F" --gcc --define=ccs="ccs" --define=PART_TM4C1294NCPDT --define=TARGET_IS_TM4C129_RA0 --define=UART_BUFFERED --diag_warning=225 --display_error_number --diag_wrap=off --gen_func_subsections=on --ual --preproc_with_compile --preproc_dependency="utils/lwiplib.pp" --obj_directory="utils"  "C:/ti/TivaWareC/utils/lwiplib.c"
"C:/ti/TivaWareC/third_party/lwip-1.4.1/src/core/tcp_out.c", line 845: warning #552-D: variable "tcphdr" was set but never used
"C:/ti/TivaWareC/third_party/lwip-1.4.1/src/core/tcp_out.c", line 1367: warning #552-D: variable "tcphdr" was set but never used
'Finished building: C:/ti/TivaWareC/utils/lwiplib.c'
' '
'Building file: C:/ti/TivaWareC/utils/ringbuf.c'
'Invoking: ARM Compiler'
"c:/ti/ccsv6/tools/compiler/arm_5.1.9/bin/armcl" -mv7M4 --code_state=16 --float_support=FPv4SPD16 --abi=eabi -me -O2 -g --include_path="c:/ti/ccsv6/tools/compiler/arm_5.1.9/include" --include_path="E:/DomoSync/workspace/senshub_iot" --include_path="C:/ti/TivaWareC/examples/boards/ek-tm4c1294xl-boostxl-senshub" --include_path="C:/ti/TivaWareC" --include_path="C:/ti/TivaWareC/third_party" --include_path="C:/ti/TivaWareC/third_party/exosite" --include_path="C:/ti/TivaWareC/third_party/FreeRTOS/Source/include" --include_path="C:/ti/TivaWareC/third_party/FreeRTOS" --include_path="C:/ti/TivaWareC/third_party/lwip-1.4.1/src/include" --include_path="C:/ti/TivaWareC/third_party/lwip-1.4.1/src/include/ipv4" --include_path="C:/ti/TivaWareC/third_party/lwip-1.4.1/apps" --include_path="C:/ti/TivaWareC/third_party/lwip-1.4.1/ports/tiva-tm4c129/include" --include_path="C:/ti/TivaWareC/third_party/FreeRTOS/Source/portable/CCS/ARM_CM4F" --gcc --define=ccs="ccs" --define=PART_TM4C1294NCPDT --define=TARGET_IS_TM4C129_RA0 --define=UART_BUFFERED --diag_warning=225 --display_error_number --diag_wrap=off --gen_func_subsections=on --ual --preproc_with_compile --preproc_dependency="utils/ringbuf.pp" --obj_directory="utils"  "C:/ti/TivaWareC/utils/ringbuf.c"
'Finished building: C:/ti/TivaWareC/utils/ringbuf.c'
' '
'Building file: C:/ti/TivaWareC/utils/uartstdio.c'
'Invoking: ARM Compiler'
"c:/ti/ccsv6/tools/compiler/arm_5.1.9/bin/armcl" -mv7M4 --code_state=16 --float_support=FPv4SPD16 --abi=eabi -me -O2 -g --include_path="c:/ti/ccsv6/tools/compiler/arm_5.1.9/include" --include_path="E:/DomoSync/workspace/senshub_iot" --include_path="C:/ti/TivaWareC/examples/boards/ek-tm4c1294xl-boostxl-senshub" --include_path="C:/ti/TivaWareC" --include_path="C:/ti/TivaWareC/third_party" --include_path="C:/ti/TivaWareC/third_party/exosite" --include_path="C:/ti/TivaWareC/third_party/FreeRTOS/Source/include" --include_path="C:/ti/TivaWareC/third_party/FreeRTOS" --include_path="C:/ti/TivaWareC/third_party/lwip-1.4.1/src/include" --include_path="C:/ti/TivaWareC/third_party/lwip-1.4.1/src/include/ipv4" --include_path="C:/ti/TivaWareC/third_party/lwip-1.4.1/apps" --include_path="C:/ti/TivaWareC/third_party/lwip-1.4.1/ports/tiva-tm4c129/include" --include_path="C:/ti/TivaWareC/third_party/FreeRTOS/Source/portable/CCS/ARM_CM4F" --gcc --define=ccs="ccs" --define=PART_TM4C1294NCPDT --define=TARGET_IS_TM4C129_RA0 --define=UART_BUFFERED --diag_warning=225 --display_error_number --diag_wrap=off --gen_func_subsections=on --ual --preproc_with_compile --preproc_dependency="utils/uartstdio.pp" --obj_directory="utils"  "C:/ti/TivaWareC/utils/uartstdio.c"
'Finished building: C:/ti/TivaWareC/utils/uartstdio.c'
' '
'Building file: C:/ti/TivaWareC/utils/ustdlib.c'
'Invoking: ARM Compiler'
"c:/ti/ccsv6/tools/compiler/arm_5.1.9/bin/armcl" -mv7M4 --code_state=16 --float_support=FPv4SPD16 --abi=eabi -me -O2 -g --include_path="c:/ti/ccsv6/tools/compiler/arm_5.1.9/include" --include_path="E:/DomoSync/workspace/senshub_iot" --include_path="C:/ti/TivaWareC/examples/boards/ek-tm4c1294xl-boostxl-senshub" --include_path="C:/ti/TivaWareC" --include_path="C:/ti/TivaWareC/third_party" --include_path="C:/ti/TivaWareC/third_party/exosite" --include_path="C:/ti/TivaWareC/third_party/FreeRTOS/Source/include" --include_path="C:/ti/TivaWareC/third_party/FreeRTOS" --include_path="C:/ti/TivaWareC/third_party/lwip-1.4.1/src/include" --include_path="C:/ti/TivaWareC/third_party/lwip-1.4.1/src/include/ipv4" --include_path="C:/ti/TivaWareC/third_party/lwip-1.4.1/apps" --include_path="C:/ti/TivaWareC/third_party/lwip-1.4.1/ports/tiva-tm4c129/include" --include_path="C:/ti/TivaWareC/third_party/FreeRTOS/Source/portable/CCS/ARM_CM4F" --gcc --define=ccs="ccs" --define=PART_TM4C1294NCPDT --define=TARGET_IS_TM4C129_RA0 --define=UART_BUFFERED --diag_warning=225 --display_error_number --diag_wrap=off --gen_func_subsections=on --ual --preproc_with_compile --preproc_dependency="utils/ustdlib.pp" --obj_directory="utils"  "C:/ti/TivaWareC/utils/ustdlib.c"
'Finished building: C:/ti/TivaWareC/utils/ustdlib.c'
' '
'Building file: C:/ti/TivaWareC/third_party/exosite/exosite.c'
'Invoking: ARM Compiler'
"c:/ti/ccsv6/tools/compiler/arm_5.1.9/bin/armcl" -mv7M4 --code_state=16 --float_support=FPv4SPD16 --abi=eabi -me -O2 -g --include_path="c:/ti/ccsv6/tools/compiler/arm_5.1.9/include" --include_path="E:/DomoSync/workspace/senshub_iot" --include_path="C:/ti/TivaWareC/examples/boards/ek-tm4c1294xl-boostxl-senshub" --include_path="C:/ti/TivaWareC" --include_path="C:/ti/TivaWareC/third_party" --include_path="C:/ti/TivaWareC/third_party/exosite" --include_path="C:/ti/TivaWareC/third_party/FreeRTOS/Source/include" --include_path="C:/ti/TivaWareC/third_party/FreeRTOS" --include_path="C:/ti/TivaWareC/third_party/lwip-1.4.1/src/include" --include_path="C:/ti/TivaWareC/third_party/lwip-1.4.1/src/include/ipv4" --include_path="C:/ti/TivaWareC/third_party/lwip-1.4.1/apps" --include_path="C:/ti/TivaWareC/third_party/lwip-1.4.1/ports/tiva-tm4c129/include" --include_path="C:/ti/TivaWareC/third_party/FreeRTOS/Source/portable/CCS/ARM_CM4F" --gcc --define=ccs="ccs" --define=PART_TM4C1294NCPDT --define=TARGET_IS_TM4C129_RA0 --define=UART_BUFFERED --diag_warning=225 --display_error_number --diag_wrap=off --gen_func_subsections=on --ual --preproc_with_compile --preproc_dependency="third_party/exosite/exosite.pp" --obj_directory="third_party/exosite"  "C:/ti/TivaWareC/third_party/exosite/exosite.c"
'Finished building: C:/ti/TivaWareC/third_party/exosite/exosite.c'
' '
'Building file: C:/ti/TivaWareC/third_party/exosite/exosite_meta.c'
'Invoking: ARM Compiler'
"c:/ti/ccsv6/tools/compiler/arm_5.1.9/bin/armcl" -mv7M4 --code_state=16 --float_support=FPv4SPD16 --abi=eabi -me -O2 -g --include_path="c:/ti/ccsv6/tools/compiler/arm_5.1.9/include" --include_path="E:/DomoSync/workspace/senshub_iot" --include_path="C:/ti/TivaWareC/examples/boards/ek-tm4c1294xl-boostxl-senshub" --include_path="C:/ti/TivaWareC" --include_path="C:/ti/TivaWareC/third_party" --include_path="C:/ti/TivaWareC/third_party/exosite" --include_path="C:/ti/TivaWareC/third_party/FreeRTOS/Source/include" --include_path="C:/ti/TivaWareC/third_party/FreeRTOS" --include_path="C:/ti/TivaWareC/third_party/lwip-1.4.1/src/include" --include_path="C:/ti/TivaWareC/third_party/lwip-1.4.1/src/include/ipv4" --include_path="C:/ti/TivaWareC/third_party/lwip-1.4.1/apps" --include_path="C:/ti/TivaWareC/third_party/lwip-1.4.1/ports/tiva-tm4c129/include" --include_path="C:/ti/TivaWareC/third_party/FreeRTOS/Source/portable/CCS/ARM_CM4F" --gcc --define=ccs="ccs" --define=PART_TM4C1294NCPDT --define=TARGET_IS_TM4C129_RA0 --define=UART_BUFFERED --diag_warning=225 --display_error_number --diag_wrap=off --gen_func_subsections=on --ual --preproc_with_compile --preproc_dependency="third_party/exosite/exosite_meta.pp" --obj_directory="third_party/exosite"  "C:/ti/TivaWareC/third_party/exosite/exosite_meta.c"
'Finished building: C:/ti/TivaWareC/third_party/exosite/exosite_meta.c'
' '
'Building file: C:/ti/TivaWareC/third_party/FreeRTOS/Source/list.c'
'Invoking: ARM Compiler'
"c:/ti/ccsv6/tools/compiler/arm_5.1.9/bin/armcl" -mv7M4 --code_state=16 --float_support=FPv4SPD16 --abi=eabi -me -O2 -g --include_path="c:/ti/ccsv6/tools/compiler/arm_5.1.9/include" --include_path="E:/DomoSync/workspace/senshub_iot" --include_path="C:/ti/TivaWareC/examples/boards/ek-tm4c1294xl-boostxl-senshub" --include_path="C:/ti/TivaWareC" --include_path="C:/ti/TivaWareC/third_party" --include_path="C:/ti/TivaWareC/third_party/exosite" --include_path="C:/ti/TivaWareC/third_party/FreeRTOS/Source/include" --include_path="C:/ti/TivaWareC/third_party/FreeRTOS" --include_path="C:/ti/TivaWareC/third_party/lwip-1.4.1/src/include" --include_path="C:/ti/TivaWareC/third_party/lwip-1.4.1/src/include/ipv4" --include_path="C:/ti/TivaWareC/third_party/lwip-1.4.1/apps" --include_path="C:/ti/TivaWareC/third_party/lwip-1.4.1/ports/tiva-tm4c129/include" --include_path="C:/ti/TivaWareC/third_party/FreeRTOS/Source/portable/CCS/ARM_CM4F" --gcc --define=ccs="ccs" --define=PART_TM4C1294NCPDT --define=TARGET_IS_TM4C129_RA0 --define=UART_BUFFERED --diag_warning=225 --display_error_number --diag_wrap=off --gen_func_subsections=on --ual --preproc_with_compile --preproc_dependency="third_party/FreeRTOS/Source/list.pp" --obj_directory="third_party/FreeRTOS/Source"  "C:/ti/TivaWareC/third_party/FreeRTOS/Source/list.c"
'Finished building: C:/ti/TivaWareC/third_party/FreeRTOS/Source/list.c'
' '
'Building file: C:/ti/TivaWareC/third_party/FreeRTOS/Source/queue.c'
'Invoking: ARM Compiler'
"c:/ti/ccsv6/tools/compiler/arm_5.1.9/bin/armcl" -mv7M4 --code_state=16 --float_support=FPv4SPD16 --abi=eabi -me -O2 -g --include_path="c:/ti/ccsv6/tools/compiler/arm_5.1.9/include" --include_path="E:/DomoSync/workspace/senshub_iot" --include_path="C:/ti/TivaWareC/examples/boards/ek-tm4c1294xl-boostxl-senshub" --include_path="C:/ti/TivaWareC" --include_path="C:/ti/TivaWareC/third_party" --include_path="C:/ti/TivaWareC/third_party/exosite" --include_path="C:/ti/TivaWareC/third_party/FreeRTOS/Source/include" --include_path="C:/ti/TivaWareC/third_party/FreeRTOS" --include_path="C:/ti/TivaWareC/third_party/lwip-1.4.1/src/include" --include_path="C:/ti/TivaWareC/third_party/lwip-1.4.1/src/include/ipv4" --include_path="C:/ti/TivaWareC/third_party/lwip-1.4.1/apps" --include_path="C:/ti/TivaWareC/third_party/lwip-1.4.1/ports/tiva-tm4c129/include" --include_path="C:/ti/TivaWareC/third_party/FreeRTOS/Source/portable/CCS/ARM_CM4F" --gcc --define=ccs="ccs" --define=PART_TM4C1294NCPDT --define=TARGET_IS_TM4C129_RA0 --define=UART_BUFFERED --diag_warning=225 --display_error_number --diag_wrap=off --gen_func_subsections=on --ual --preproc_with_compile --preproc_dependency="third_party/FreeRTOS/Source/queue.pp" --obj_directory="third_party/FreeRTOS/Source"  "C:/ti/TivaWareC/third_party/FreeRTOS/Source/queue.c"
'Finished building: C:/ti/TivaWareC/third_party/FreeRTOS/Source/queue.c'
' '
'Building file: C:/ti/TivaWareC/third_party/FreeRTOS/Source/tasks.c'
'Invoking: ARM Compiler'
"c:/ti/ccsv6/tools/compiler/arm_5.1.9/bin/armcl" -mv7M4 --code_state=16 --float_support=FPv4SPD16 --abi=eabi -me -O2 -g --include_path="c:/ti/ccsv6/tools/compiler/arm_5.1.9/include" --include_path="E:/DomoSync/workspace/senshub_iot" --include_path="C:/ti/TivaWareC/examples/boards/ek-tm4c1294xl-boostxl-senshub" --include_path="C:/ti/TivaWareC" --include_path="C:/ti/TivaWareC/third_party" --include_path="C:/ti/TivaWareC/third_party/exosite" --include_path="C:/ti/TivaWareC/third_party/FreeRTOS/Source/include" --include_path="C:/ti/TivaWareC/third_party/FreeRTOS" --include_path="C:/ti/TivaWareC/third_party/lwip-1.4.1/src/include" --include_path="C:/ti/TivaWareC/third_party/lwip-1.4.1/src/include/ipv4" --include_path="C:/ti/TivaWareC/third_party/lwip-1.4.1/apps" --include_path="C:/ti/TivaWareC/third_party/lwip-1.4.1/ports/tiva-tm4c129/include" --include_path="C:/ti/TivaWareC/third_party/FreeRTOS/Source/portable/CCS/ARM_CM4F" --gcc --define=ccs="ccs" --define=PART_TM4C1294NCPDT --define=TARGET_IS_TM4C129_RA0 --define=UART_BUFFERED --diag_warning=225 --display_error_number --diag_wrap=off --gen_func_subsections=on --ual --preproc_with_compile --preproc_dependency="third_party/FreeRTOS/Source/tasks.pp" --obj_directory="third_party/FreeRTOS/Source"  "C:/ti/TivaWareC/third_party/FreeRTOS/Source/tasks.c"
'Finished building: C:/ti/TivaWareC/third_party/FreeRTOS/Source/tasks.c'
' '
'Building file: C:/ti/TivaWareC/third_party/FreeRTOS/Source/timers.c'
'Invoking: ARM Compiler'
"c:/ti/ccsv6/tools/compiler/arm_5.1.9/bin/armcl" -mv7M4 --code_state=16 --float_support=FPv4SPD16 --abi=eabi -me -O2 -g --include_path="c:/ti/ccsv6/tools/compiler/arm_5.1.9/include" --include_path="E:/DomoSync/workspace/senshub_iot" --include_path="C:/ti/TivaWareC/examples/boards/ek-tm4c1294xl-boostxl-senshub" --include_path="C:/ti/TivaWareC" --include_path="C:/ti/TivaWareC/third_party" --include_path="C:/ti/TivaWareC/third_party/exosite" --include_path="C:/ti/TivaWareC/third_party/FreeRTOS/Source/include" --include_path="C:/ti/TivaWareC/third_party/FreeRTOS" --include_path="C:/ti/TivaWareC/third_party/lwip-1.4.1/src/include" --include_path="C:/ti/TivaWareC/third_party/lwip-1.4.1/src/include/ipv4" --include_path="C:/ti/TivaWareC/third_party/lwip-1.4.1/apps" --include_path="C:/ti/TivaWareC/third_party/lwip-1.4.1/ports/tiva-tm4c129/include" --include_path="C:/ti/TivaWareC/third_party/FreeRTOS/Source/portable/CCS/ARM_CM4F" --gcc --define=ccs="ccs" --define=PART_TM4C1294NCPDT --define=TARGET_IS_TM4C129_RA0 --define=UART_BUFFERED --diag_warning=225 --display_error_number --diag_wrap=off --gen_func_subsections=on --ual --preproc_with_compile --preproc_dependency="third_party/FreeRTOS/Source/timers.pp" --obj_directory="third_party/FreeRTOS/Source"  "C:/ti/TivaWareC/third_party/FreeRTOS/Source/timers.c"
'Finished building: C:/ti/TivaWareC/third_party/FreeRTOS/Source/timers.c'
' '
'Building file: C:/ti/TivaWareC/third_party/FreeRTOS/Source/portable/MemMang/heap_1.c'
'Invoking: ARM Compiler'
"c:/ti/ccsv6/tools/compiler/arm_5.1.9/bin/armcl" -mv7M4 --code_state=16 --float_support=FPv4SPD16 --abi=eabi -me -O2 -g --include_path="c:/ti/ccsv6/tools/compiler/arm_5.1.9/include" --include_path="E:/DomoSync/workspace/senshub_iot" --include_path="C:/ti/TivaWareC/examples/boards/ek-tm4c1294xl-boostxl-senshub" --include_path="C:/ti/TivaWareC" --include_path="C:/ti/TivaWareC/third_party" --include_path="C:/ti/TivaWareC/third_party/exosite" --include_path="C:/ti/TivaWareC/third_party/FreeRTOS/Source/include" --include_path="C:/ti/TivaWareC/third_party/FreeRTOS" --include_path="C:/ti/TivaWareC/third_party/lwip-1.4.1/src/include" --include_path="C:/ti/TivaWareC/third_party/lwip-1.4.1/src/include/ipv4" --include_path="C:/ti/TivaWareC/third_party/lwip-1.4.1/apps" --include_path="C:/ti/TivaWareC/third_party/lwip-1.4.1/ports/tiva-tm4c129/include" --include_path="C:/ti/TivaWareC/third_party/FreeRTOS/Source/portable/CCS/ARM_CM4F" --gcc --define=ccs="ccs" --define=PART_TM4C1294NCPDT --define=TARGET_IS_TM4C129_RA0 --define=UART_BUFFERED --diag_warning=225 --display_error_number --diag_wrap=off --gen_func_subsections=on --ual --preproc_with_compile --preproc_dependency="third_party/FreeRTOS/Source/portable/MemMang/heap_1.pp" --obj_directory="third_party/FreeRTOS/Source/portable/MemMang"  "C:/ti/TivaWareC/third_party/FreeRTOS/Source/portable/MemMang/heap_1.c"
'Finished building: C:/ti/TivaWareC/third_party/FreeRTOS/Source/portable/MemMang/heap_1.c'
' '
'Building file: C:/ti/TivaWareC/third_party/FreeRTOS/Source/portable/CCS/ARM_CM4F/port.c'
'Invoking: ARM Compiler'
"c:/ti/ccsv6/tools/compiler/arm_5.1.9/bin/armcl" -mv7M4 --code_state=16 --float_support=FPv4SPD16 --abi=eabi -me -O2 -g --include_path="c:/ti/ccsv6/tools/compiler/arm_5.1.9/include" --include_path="E:/DomoSync/workspace/senshub_iot" --include_path="C:/ti/TivaWareC/examples/boards/ek-tm4c1294xl-boostxl-senshub" --include_path="C:/ti/TivaWareC" --include_path="C:/ti/TivaWareC/third_party" --include_path="C:/ti/TivaWareC/third_party/exosite" --include_path="C:/ti/TivaWareC/third_party/FreeRTOS/Source/include" --include_path="C:/ti/TivaWareC/third_party/FreeRTOS" --include_path="C:/ti/TivaWareC/third_party/lwip-1.4.1/src/include" --include_path="C:/ti/TivaWareC/third_party/lwip-1.4.1/src/include/ipv4" --include_path="C:/ti/TivaWareC/third_party/lwip-1.4.1/apps" --include_path="C:/ti/TivaWareC/third_party/lwip-1.4.1/ports/tiva-tm4c129/include" --include_path="C:/ti/TivaWareC/third_party/FreeRTOS/Source/portable/CCS/ARM_CM4F" --gcc --define=ccs="ccs" --define=PART_TM4C1294NCPDT --define=TARGET_IS_TM4C129_RA0 --define=UART_BUFFERED --diag_warning=225 --display_error_number --diag_wrap=off --gen_func_subsections=on --ual --preproc_with_compile --preproc_dependency="third_party/FreeRTOS/Source/portable/CCS/ARM_CM4F/port.pp" --obj_directory="third_party/FreeRTOS/Source/portable/CCS/ARM_CM4F"  "C:/ti/TivaWareC/third_party/FreeRTOS/Source/portable/CCS/ARM_CM4F/port.c"
'Finished building: C:/ti/TivaWareC/third_party/FreeRTOS/Source/portable/CCS/ARM_CM4F/port.c'
' '
'Building file: C:/ti/TivaWareC/third_party/FreeRTOS/Source/portable/CCS/ARM_CM4F/portasm.asm'
'Invoking: ARM Compiler'
"c:/ti/ccsv6/tools/compiler/arm_5.1.9/bin/armcl" -mv7M4 --code_state=16 --float_support=FPv4SPD16 --abi=eabi -me -O2 -g --include_path="c:/ti/ccsv6/tools/compiler/arm_5.1.9/include" --include_path="E:/DomoSync/workspace/senshub_iot" --include_path="C:/ti/TivaWareC/examples/boards/ek-tm4c1294xl-boostxl-senshub" --include_path="C:/ti/TivaWareC" --include_path="C:/ti/TivaWareC/third_party" --include_path="C:/ti/TivaWareC/third_party/exosite" --include_path="C:/ti/TivaWareC/third_party/FreeRTOS/Source/include" --include_path="C:/ti/TivaWareC/third_party/FreeRTOS" --include_path="C:/ti/TivaWareC/third_party/lwip-1.4.1/src/include" --include_path="C:/ti/TivaWareC/third_party/lwip-1.4.1/src/include/ipv4" --include_path="C:/ti/TivaWareC/third_party/lwip-1.4.1/apps" --include_path="C:/ti/TivaWareC/third_party/lwip-1.4.1/ports/tiva-tm4c129/include" --include_path="C:/ti/TivaWareC/third_party/FreeRTOS/Source/portable/CCS/ARM_CM4F" --gcc --define=ccs="ccs" --define=PART_TM4C1294NCPDT --define=TARGET_IS_TM4C129_RA0 --define=UART_BUFFERED --diag_warning=225 --display_error_number --diag_wrap=off --gen_func_subsections=on --ual --preproc_with_compile --preproc_dependency="third_party/FreeRTOS/Source/portable/CCS/ARM_CM4F/portasm.pp" --obj_directory="third_party/FreeRTOS/Source/portable/CCS/ARM_CM4F"  "C:/ti/TivaWareC/third_party/FreeRTOS/Source/portable/CCS/ARM_CM4F/portasm.asm"
"E:/DomoSync/workspace/senshub_iot/FreeRTOSConfig.h", line 104 (col. 9): warning #1129-D: function-like macro 'portCONFIGURE_TIMER_FOR_RUN_TIME_STATS()' ignored during assembly header translation
"E:/DomoSync/workspace/senshub_iot/FreeRTOSConfig.h", line 106 (col. 9): warning #1129-D: function-like macro 'portGET_RUN_TIME_COUNTER_VALUE()' ignored during assembly header translation
'Finished building: C:/ti/TivaWareC/third_party/FreeRTOS/Source/portable/CCS/ARM_CM4F/portasm.asm'
' '
'Building file: C:/ti/TivaWareC/examples/boards/ek-tm4c1294xl-boostxl-senshub/drivers/buttons.c'
'Invoking: ARM Compiler'
"c:/ti/ccsv6/tools/compiler/arm_5.1.9/bin/armcl" -mv7M4 --code_state=16 --float_support=FPv4SPD16 --abi=eabi -me -O2 -g --include_path="c:/ti/ccsv6/tools/compiler/arm_5.1.9/include" --include_path="E:/DomoSync/workspace/senshub_iot" --include_path="C:/ti/TivaWareC/examples/boards/ek-tm4c1294xl-boostxl-senshub" --include_path="C:/ti/TivaWareC" --include_path="C:/ti/TivaWareC/third_party" --include_path="C:/ti/TivaWareC/third_party/exosite" --include_path="C:/ti/TivaWareC/third_party/FreeRTOS/Source/include" --include_path="C:/ti/TivaWareC/third_party/FreeRTOS" --include_path="C:/ti/TivaWareC/third_party/lwip-1.4.1/src/include" --include_path="C:/ti/TivaWareC/third_party/lwip-1.4.1/src/include/ipv4" --include_path="C:/ti/TivaWareC/third_party/lwip-1.4.1/apps" --include_path="C:/ti/TivaWareC/third_party/lwip-1.4.1/ports/tiva-tm4c129/include" --include_path="C:/ti/TivaWareC/third_party/FreeRTOS/Source/portable/CCS/ARM_CM4F" --gcc --define=ccs="ccs" --define=PART_TM4C1294NCPDT --define=TARGET_IS_TM4C129_RA0 --define=UART_BUFFERED --diag_warning=225 --display_error_number --diag_wrap=off --gen_func_subsections=on --ual --preproc_with_compile --preproc_dependency="drivers/buttons.pp" --obj_directory="drivers"  "C:/ti/TivaWareC/examples/boards/ek-tm4c1294xl-boostxl-senshub/drivers/buttons.c"
'Finished building: C:/ti/TivaWareC/examples/boards/ek-tm4c1294xl-boostxl-senshub/drivers/buttons.c'
' '
'Building file: C:/ti/TivaWareC/examples/boards/ek-tm4c1294xl-boostxl-senshub/drivers/eth_client_lwip.c'
'Invoking: ARM Compiler'
"c:/ti/ccsv6/tools/compiler/arm_5.1.9/bin/armcl" -mv7M4 --code_state=16 --float_support=FPv4SPD16 --abi=eabi -me -O2 -g --include_path="c:/ti/ccsv6/tools/compiler/arm_5.1.9/include" --include_path="E:/DomoSync/workspace/senshub_iot" --include_path="C:/ti/TivaWareC/examples/boards/ek-tm4c1294xl-boostxl-senshub" --include_path="C:/ti/TivaWareC" --include_path="C:/ti/TivaWareC/third_party" --include_path="C:/ti/TivaWareC/third_party/exosite" --include_path="C:/ti/TivaWareC/third_party/FreeRTOS/Source/include" --include_path="C:/ti/TivaWareC/third_party/FreeRTOS" --include_path="C:/ti/TivaWareC/third_party/lwip-1.4.1/src/include" --include_path="C:/ti/TivaWareC/third_party/lwip-1.4.1/src/include/ipv4" --include_path="C:/ti/TivaWareC/third_party/lwip-1.4.1/apps" --include_path="C:/ti/TivaWareC/third_party/lwip-1.4.1/ports/tiva-tm4c129/include" --include_path="C:/ti/TivaWareC/third_party/FreeRTOS/Source/portable/CCS/ARM_CM4F" --gcc --define=ccs="ccs" --define=PART_TM4C1294NCPDT --define=TARGET_IS_TM4C129_RA0 --define=UART_BUFFERED --diag_warning=225 --display_error_number --diag_wrap=off --gen_func_subsections=on --ual --preproc_with_compile --preproc_dependency="drivers/eth_client_lwip.pp" --obj_directory="drivers"  "C:/ti/TivaWareC/examples/boards/ek-tm4c1294xl-boostxl-senshub/drivers/eth_client_lwip.c"
'Finished building: C:/ti/TivaWareC/examples/boards/ek-tm4c1294xl-boostxl-senshub/drivers/eth_client_lwip.c'
' '
'Building file: C:/ti/TivaWareC/examples/boards/ek-tm4c1294xl-boostxl-senshub/drivers/exosite_hal_lwip.c'
'Invoking: ARM Compiler'
"c:/ti/ccsv6/tools/compiler/arm_5.1.9/bin/armcl" -mv7M4 --code_state=16 --float_support=FPv4SPD16 --abi=eabi -me -O2 -g --include_path="c:/ti/ccsv6/tools/compiler/arm_5.1.9/include" --include_path="E:/DomoSync/workspace/senshub_iot" --include_path="C:/ti/TivaWareC/examples/boards/ek-tm4c1294xl-boostxl-senshub" --include_path="C:/ti/TivaWareC" --include_path="C:/ti/TivaWareC/third_party" --include_path="C:/ti/TivaWareC/third_party/exosite" --include_path="C:/ti/TivaWareC/third_party/FreeRTOS/Source/include" --include_path="C:/ti/TivaWareC/third_party/FreeRTOS" --include_path="C:/ti/TivaWareC/third_party/lwip-1.4.1/src/include" --include_path="C:/ti/TivaWareC/third_party/lwip-1.4.1/src/include/ipv4" --include_path="C:/ti/TivaWareC/third_party/lwip-1.4.1/apps" --include_path="C:/ti/TivaWareC/third_party/lwip-1.4.1/ports/tiva-tm4c129/include" --include_path="C:/ti/TivaWareC/third_party/FreeRTOS/Source/portable/CCS/ARM_CM4F" --gcc --define=ccs="ccs" --define=PART_TM4C1294NCPDT --define=TARGET_IS_TM4C129_RA0 --define=UART_BUFFERED --diag_warning=225 --display_error_number --diag_wrap=off --gen_func_subsections=on --ual --preproc_with_compile --preproc_dependency="drivers/exosite_hal_lwip.pp" --obj_directory="drivers"  "C:/ti/TivaWareC/examples/boards/ek-tm4c1294xl-boostxl-senshub/drivers/exosite_hal_lwip.c"
'Finished building: C:/ti/TivaWareC/examples/boards/ek-tm4c1294xl-boostxl-senshub/drivers/exosite_hal_lwip.c'
' '
'Building file: C:/ti/TivaWareC/examples/boards/ek-tm4c1294xl-boostxl-senshub/drivers/http.c'
'Invoking: ARM Compiler'
"c:/ti/ccsv6/tools/compiler/arm_5.1.9/bin/armcl" -mv7M4 --code_state=16 --float_support=FPv4SPD16 --abi=eabi -me -O2 -g --include_path="c:/ti/ccsv6/tools/compiler/arm_5.1.9/include" --include_path="E:/DomoSync/workspace/senshub_iot" --include_path="C:/ti/TivaWareC/examples/boards/ek-tm4c1294xl-boostxl-senshub" --include_path="C:/ti/TivaWareC" --include_path="C:/ti/TivaWareC/third_party" --include_path="C:/ti/TivaWareC/third_party/exosite" --include_path="C:/ti/TivaWareC/third_party/FreeRTOS/Source/include" --include_path="C:/ti/TivaWareC/third_party/FreeRTOS" --include_path="C:/ti/TivaWareC/third_party/lwip-1.4.1/src/include" --include_path="C:/ti/TivaWareC/third_party/lwip-1.4.1/src/include/ipv4" --include_path="C:/ti/TivaWareC/third_party/lwip-1.4.1/apps" --include_path="C:/ti/TivaWareC/third_party/lwip-1.4.1/ports/tiva-tm4c129/include" --include_path="C:/ti/TivaWareC/third_party/FreeRTOS/Source/portable/CCS/ARM_CM4F" --gcc --define=ccs="ccs" --define=PART_TM4C1294NCPDT --define=TARGET_IS_TM4C129_RA0 --define=UART_BUFFERED --diag_warning=225 --display_error_number --diag_wrap=off --gen_func_subsections=on --ual --preproc_with_compile --preproc_dependency="drivers/http.pp" --obj_directory="drivers"  "C:/ti/TivaWareC/examples/boards/ek-tm4c1294xl-boostxl-senshub/drivers/http.c"
'Finished building: C:/ti/TivaWareC/examples/boards/ek-tm4c1294xl-boostxl-senshub/drivers/http.c'
' '
'Building file: C:/ti/TivaWareC/examples/boards/ek-tm4c1294xl-boostxl-senshub/drivers/pinout.c'
'Invoking: ARM Compiler'
"c:/ti/ccsv6/tools/compiler/arm_5.1.9/bin/armcl" -mv7M4 --code_state=16 --float_support=FPv4SPD16 --abi=eabi -me -O2 -g --include_path="c:/ti/ccsv6/tools/compiler/arm_5.1.9/include" --include_path="E:/DomoSync/workspace/senshub_iot" --include_path="C:/ti/TivaWareC/examples/boards/ek-tm4c1294xl-boostxl-senshub" --include_path="C:/ti/TivaWareC" --include_path="C:/ti/TivaWareC/third_party" --include_path="C:/ti/TivaWareC/third_party/exosite" --include_path="C:/ti/TivaWareC/third_party/FreeRTOS/Source/include" --include_path="C:/ti/TivaWareC/third_party/FreeRTOS" --include_path="C:/ti/TivaWareC/third_party/lwip-1.4.1/src/include" --include_path="C:/ti/TivaWareC/third_party/lwip-1.4.1/src/include/ipv4" --include_path="C:/ti/TivaWareC/third_party/lwip-1.4.1/apps" --include_path="C:/ti/TivaWareC/third_party/lwip-1.4.1/ports/tiva-tm4c129/include" --include_path="C:/ti/TivaWareC/third_party/FreeRTOS/Source/portable/CCS/ARM_CM4F" --gcc --define=ccs="ccs" --define=PART_TM4C1294NCPDT --define=TARGET_IS_TM4C129_RA0 --define=UART_BUFFERED --diag_warning=225 --display_error_number --diag_wrap=off --gen_func_subsections=on --ual --preproc_with_compile --preproc_dependency="drivers/pinout.pp" --obj_directory="drivers"  "C:/ti/TivaWareC/examples/boards/ek-tm4c1294xl-boostxl-senshub/drivers/pinout.c"
'Finished building: C:/ti/TivaWareC/examples/boards/ek-tm4c1294xl-boostxl-senshub/drivers/pinout.c'
' '
'Building target: senshub_iot.out'
'Invoking: ARM Linker'
"c:/ti/ccsv6/tools/compiler/arm_5.1.9/bin/armcl" -mv7M4 --code_state=16 --float_support=FPv4SPD16 --abi=eabi -me -O2 -g --gcc --define=ccs="ccs" --define=PART_TM4C1294NCPDT --define=TARGET_IS_TM4C129_RA0 --define=UART_BUFFERED --diag_warning=225 --display_error_number --diag_wrap=off --gen_func_subsections=on --ual -z --stack_size=16384 -m"senshub_iot_ccs.map" --heap_size=0 -i"c:/ti/ccsv6/tools/compiler/arm_5.1.9/lib" -i"c:/ti/ccsv6/tools/compiler/arm_5.1.9/include" --reread_libs --warn_sections --display_error_number --diag_wrap=off --xml_link_info="senshub_iot_linkInfo.xml" --rom_model -o "senshub_iot.out"  "./bmp180_task.obj" "./cloud_task.obj" "./command_task.obj" "./compdcm_task.obj" "./isl29023_task.obj" "./senshub_iot.obj" "./sht21_task.obj" "./startup_ccs.obj" "./tmp006_task.obj" "./utils/cmdline.obj" "./utils/flash_pb.obj" "./utils/locator.obj" "./utils/lwiplib.obj" "./utils/ringbuf.obj" "./utils/uartstdio.obj" "./utils/ustdlib.obj" "./third_party/exosite/exosite.obj" "./third_party/exosite/exosite_meta.obj" "./third_party/FreeRTOS/Source/list.obj" "./third_party/FreeRTOS/Source/queue.obj" "./third_party/FreeRTOS/Source/tasks.obj" "./third_party/FreeRTOS/Source/timers.obj" "./third_party/FreeRTOS/Source/portable/MemMang/heap_1.obj" "./third_party/FreeRTOS/Source/portable/CCS/ARM_CM4F/port.obj" "./third_party/FreeRTOS/Source/portable/CCS/ARM_CM4F/portasm.obj" "./drivers/buttons.obj" "./drivers/eth_client_lwip.obj" "./drivers/exosite_hal_lwip.obj" "./drivers/http.obj" "./drivers/pinout.obj" "../senshub_iot_ccs.cmd" -l"libc.a" -l"C:/ti/TivaWareC/examples/boards/ek-tm4c1294xl-boostxl-senshub/senshub_iot/ccs/../../../../../driverlib/ccs/Debug/driverlib.lib" -l"C:/ti/TivaWareC/examples/boards/ek-tm4c1294xl-boostxl-senshub/senshub_iot/ccs/../../../../../sensorlib/ccs/Debug/sensorlib.lib" 
<Linking>
'Finished building target: senshub_iot.out'
' '
"c:/ti/ccsv6/utils/tiobj2bin/tiobj2bin" "senshub_iot.out" "senshub_iot.bin" "c:/ti/ccsv6/tools/compiler/arm_5.1.9/bin/armofd" "c:/ti/ccsv6/tools/compiler/arm_5.1.9/bin/armhex" "c:/ti/ccsv6/utils/tiobj2bin/mkhex4bin"
' '

**** Build Finished ****
