
**** Build of configuration Debug for project MultiHomeTivaC ****

"c:\\ti\\ccsv6\\utils\\bin\\gmake" -k all 
making ../src/sysbios/sysbios.am4fg ...
gmake[1]: Entering directory `E:/DomoSync/workspace/MultiHomeTivaC/src/sysbios'
asmm4fg C:/ti/tirtos_tivac_2_10_01_38/products/bios_6_41_00_26/packages/ti/sysbios/family/arm/m3/Hwi_asm_gnu.sv7M ...
asmm4fg C:/ti/tirtos_tivac_2_10_01_38/products/bios_6_41_00_26/packages/ti/sysbios/family/arm/m3/Hwi_asm_switch_gnu.sv7M ...
asmm4fg C:/ti/tirtos_tivac_2_10_01_38/products/bios_6_41_00_26/packages/ti/sysbios/family/arm/m3/IntrinsicsSupport_asm_gnu.sv7M ...
asmm4fg C:/ti/tirtos_tivac_2_10_01_38/products/bios_6_41_00_26/packages/ti/sysbios/family/arm/m3/TaskSupport_asm_gnu.sv7M ...
clm4fg C:/ti/tirtos_tivac_2_10_01_38/products/bios_6_41_00_26/packages/ti/sysbios/BIOS.c ...
clm4fg C:/ti/tirtos_tivac_2_10_01_38/products/bios_6_41_00_26/packages/ti/sysbios/knl/Clock.c ...
clm4fg C:/ti/tirtos_tivac_2_10_01_38/products/bios_6_41_00_26/packages/ti/sysbios/knl/Idle.c ...
clm4fg C:/ti/tirtos_tivac_2_10_01_38/products/bios_6_41_00_26/packages/ti/sysbios/knl/Intrinsics.c ...
clm4fg C:/ti/tirtos_tivac_2_10_01_38/products/bios_6_41_00_26/packages/ti/sysbios/knl/Queue.c ...
clm4fg C:/ti/tirtos_tivac_2_10_01_38/products/bios_6_41_00_26/packages/ti/sysbios/knl/Semaphore.c ...
clm4fg C:/ti/tirtos_tivac_2_10_01_38/products/bios_6_41_00_26/packages/ti/sysbios/knl/Swi.c ...
clm4fg C:/ti/tirtos_tivac_2_10_01_38/products/bios_6_41_00_26/packages/ti/sysbios/knl/Swi_andn.c ...
clm4fg C:/ti/tirtos_tivac_2_10_01_38/products/bios_6_41_00_26/packages/ti/sysbios/knl/Task.c ...
clm4fg C:/ti/tirtos_tivac_2_10_01_38/products/bios_6_41_00_26/packages/ti/sysbios/hal/Hwi.c ...
clm4fg C:/ti/tirtos_tivac_2_10_01_38/products/bios_6_41_00_26/packages/ti/sysbios/hal/Hwi_stack.c ...
clm4fg C:/ti/tirtos_tivac_2_10_01_38/products/bios_6_41_00_26/packages/ti/sysbios/hal/Hwi_startup.c ...
clm4fg C:/ti/tirtos_tivac_2_10_01_38/products/bios_6_41_00_26/packages/ti/sysbios/family/arm/m3/Hwi.c ...
clm4fg C:/ti/tirtos_tivac_2_10_01_38/products/bios_6_41_00_26/packages/ti/sysbios/family/arm/m3/TaskSupport.c ...
clm4fg C:/ti/tirtos_tivac_2_10_01_38/products/bios_6_41_00_26/packages/ti/sysbios/rts/gnu/ReentSupport.c ...
clm4fg C:/ti/tirtos_tivac_2_10_01_38/products/bios_6_41_00_26/packages/ti/sysbios/family/arm/lm4/TimestampProvider.c ...
clm4fg C:/ti/tirtos_tivac_2_10_01_38/products/bios_6_41_00_26/packages/ti/sysbios/family/arm/lm4/Timer.c ...
clm4fg C:/ti/tirtos_tivac_2_10_01_38/products/bios_6_41_00_26/packages/ti/sysbios/gates/GateHwi.c ...
clm4fg C:/ti/tirtos_tivac_2_10_01_38/products/bios_6_41_00_26/packages/ti/sysbios/gates/GateMutex.c ...
clm4fg C:/ti/tirtos_tivac_2_10_01_38/products/bios_6_41_00_26/packages/ti/sysbios/heaps/HeapMem.c ...
arm4fg m3_Hwi_asm_gnu.o m3_Hwi_asm_switch_gnu.o m3_IntrinsicsSupport_asm_gnu.o m3_TaskSupport_asm_gnu.o _BIOS.o knl_Clock.o knl_Idle.o knl_Intrinsics.o knl_Queue.o knl_Semaphore.o knl_Swi.o knl_Swi_andn.o knl_Task.o hal_Hwi.o hal_Hwi_stack.o hal_Hwi_startup.o m3_Hwi.o m3_TaskSupport.o gnu_ReentSupport.o lm4_TimestampProvider.o lm4_Timer.o gates_GateHwi.o gates_GateMutex.o heaps_HeapMem.o ...
gmake[1]: Leaving directory `E:/DomoSync/workspace/MultiHomeTivaC/src/sysbios'
'Building file: ../app.cfg'
'Invoking: XDCtools'
"c:/ti/xdctools_3_30_05_60_core/xs" --xdcpath="c:/ti/tirtos_tivac_2_10_01_38/packages;c:/ti/tirtos_tivac_2_10_01_38/products/bios_6_41_00_26/packages;c:/ti/tirtos_tivac_2_10_01_38/products/ndk_2_24_01_18/packages;c:/ti/tirtos_tivac_2_10_01_38/products/uia_2_00_02_39/packages;c:/ti/ccsv6/ccs_base;" xdc.tools.configuro -o configPkg -t gnu.targets.arm.M4F -p ti.platforms.tiva:TM4C1294NCPDT -r release -c "c:/ti/ccsv6/tools/compiler/gcc-arm-none-eabi-4_7-2013q3" "../app.cfg"
making package.mak (because of package.bld) ...
generating interfaces for package configPkg (because package/package.xdc.inc is older than package.xdc) ...
configuring app.xm4fg from package/cfg/app_pm4fg.cfg ...
generating custom ti.sysbios library makefile ... 
Starting build of library sources ...
making E:/DomoSync/workspace/MultiHomeTivaC/src/sysbios/sysbios.am4fg ...
gmake[1]: Entering directory `E:/DomoSync/workspace/MultiHomeTivaC/src/sysbios'
gmake[1]: Nothing to be done for `all'.
gmake[1]: Leaving directory `E:/DomoSync/workspace/MultiHomeTivaC/src/sysbios'
Build of libraries done.
clm4fg package/cfg/app_pm4fg.c ...
'Finished building: ../app.cfg'
' '
'Building file: ../main.c'
'Invoking: GNU Compiler'
"c:/ti/ccsv6/tools/compiler/gcc-arm-none-eabi-4_7-2013q3/bin/arm-none-eabi-gcc.exe" -c -mcpu=cortex-m4 -march=armv7e-m -mthumb -mfloat-abi=hard -mfpu=fpv4-sp-d16 -DPART_TM4C1294NCPDT -I"c:/ti/ccsv6/tools/compiler/gcc-arm-none-eabi-4_7-2013q3/arm-none-eabi/include" -ffunction-sections -fdata-sections -g -gstrict-dwarf -Wall -MMD -MP -MF"main.d" -MT"main.d" -o"main.o" @"./configPkg/compiler.opt"  "../main.c"
../main.c: In function 'taskFxn':
../main.c:23:6: error: 'SYSCTL_RCGC2_R' undeclared (first use in this function)
../main.c:23:6: note: each undeclared identifier is reported only once for each function it appears in
../main.c:23:23: error: 'SYSCTL_RCGC2_GPIOF' undeclared (first use in this function)
../main.c:34:6: error: 'GPIO_PORTF_DIR_R' undeclared (first use in this function)
../main.c:35:6: error: 'GPIO_PORTF_DEN_R' undeclared (first use in this function)
../main.c:45:10: error: 'GPIO_PORTF_DATA_R' undeclared (first use in this function)
gmake: *** [main.o] Error 1
gmake: Target `all' not remade because of errors.

**** Build Finished ****
